[24-Feb-2026 20:33:20 Asia/Manila] FlashCru Query Error: SQLSTATE[42S02]: Base table or view not found: 1146 Table 'emergency_db.report_status' doesn't exist | SQL: 
    SELECT
        SUM(CASE WHEN rs.name = 'Pending'    THEN 1 ELSE 0 END) AS pending,
        SUM(CASE WHEN rs.name = 'Dispatched' THEN 1 ELSE 0 END) AS dispatched,
        SUM(CASE WHEN rs.name = 'Ongoing'    THEN 1 ELSE 0 END) AS ongoing,
        SUM(CASE WHEN rs.name = 'Resolved'   THEN 1 ELSE 0 END) AS resolved,
        SUM(CASE WHEN rs.name = 'Cancelled'  THEN 1 ELSE 0 END) AS cancelled,
        COUNT(*) AS total
    FROM incidents i
    LEFT JOIN report_status rs ON i.status_id = rs.id

[24-Feb-2026 20:33:20 Asia/Manila] FlashCru Query Error: SQLSTATE[42S02]: Base table or view not found: 1146 Table 'emergency_db.incident_types' doesn't exist | SQL: 
    SELECT i.*,
           t.team_name,
           u.full_name        AS reporter,
           it.name            AS type_name,
           it.icon            AS type_icon,
           it.color           AS type_color,
           b.name             AS barangay_name,
           rs.name            AS status_name,
           rs.color           AS status_color
    FROM incidents i
    LEFT JOIN teams t           ON i.assigned_team_id = t.team_id
    LEFT JOIN users u           ON i.user_id = u.user_id
    LEFT JOIN incident_types it ON i.incident_type_id = it.id
    LEFT JOIN barangays b       ON i.barangay_id = b.id
    LEFT JOIN report_status rs  ON i.status_id = rs.id
    ORDER BY i.created_at DESC
    LIMIT 10

[24-Feb-2026 20:33:20 Asia/Manila] FlashCru Query Error: SQLSTATE[42S02]: Base table or view not found: 1146 Table 'emergency_db.report_status' doesn't exist | SQL: 
    SELECT t.*,
        COUNT(DISTINCT tm.team_mem_id) AS member_count,
        SUM(CASE WHEN rs.name IN ('Dispatched','Ongoing') THEN 1 ELSE 0 END) AS on_scene,
        SUM(CASE WHEN rs.name = 'Resolved' THEN 1 ELSE 0 END) AS resolved_count
    FROM teams t
    LEFT JOIN team_members tm ON t.team_id = tm.team_id
    LEFT JOIN incidents i     ON t.team_id = i.assigned_team_id
    LEFT JOIN report_status rs ON i.status_id = rs.id
    GROUP BY t.team_id
    ORDER BY t.status, t.team_name

[24-Feb-2026 20:33:30 Asia/Manila] FlashCru Query Error: SQLSTATE[42S02]: Base table or view not found: 1146 Table 'emergency_db.report_status' doesn't exist | SQL: 
    SELECT
        SUM(CASE WHEN rs.name = 'Pending'    THEN 1 ELSE 0 END) AS pending,
        SUM(CASE WHEN rs.name = 'Dispatched' THEN 1 ELSE 0 END) AS dispatched,
        SUM(CASE WHEN rs.name = 'Ongoing'    THEN 1 ELSE 0 END) AS ongoing,
        SUM(CASE WHEN rs.name = 'Resolved'   THEN 1 ELSE 0 END) AS resolved,
        SUM(CASE WHEN rs.name = 'Cancelled'  THEN 1 ELSE 0 END) AS cancelled,
        COUNT(*) AS total
    FROM incidents i
    LEFT JOIN report_status rs ON i.status_id = rs.id

[24-Feb-2026 20:33:30 Asia/Manila] FlashCru Query Error: SQLSTATE[42S02]: Base table or view not found: 1146 Table 'emergency_db.incident_types' doesn't exist | SQL: 
    SELECT i.*,
           t.team_name,
           u.full_name        AS reporter,
           it.name            AS type_name,
           it.icon            AS type_icon,
           it.color           AS type_color,
           b.name             AS barangay_name,
           rs.name            AS status_name,
           rs.color           AS status_color
    FROM incidents i
    LEFT JOIN teams t           ON i.assigned_team_id = t.team_id
    LEFT JOIN users u           ON i.user_id = u.user_id
    LEFT JOIN incident_types it ON i.incident_type_id = it.id
    LEFT JOIN barangays b       ON i.barangay_id = b.id
    LEFT JOIN report_status rs  ON i.status_id = rs.id
    ORDER BY i.created_at DESC
    LIMIT 10

[24-Feb-2026 20:33:30 Asia/Manila] FlashCru Query Error: SQLSTATE[42S02]: Base table or view not found: 1146 Table 'emergency_db.report_status' doesn't exist | SQL: 
    SELECT t.*,
        COUNT(DISTINCT tm.team_mem_id) AS member_count,
        SUM(CASE WHEN rs.name IN ('Dispatched','Ongoing') THEN 1 ELSE 0 END) AS on_scene,
        SUM(CASE WHEN rs.name = 'Resolved' THEN 1 ELSE 0 END) AS resolved_count
    FROM teams t
    LEFT JOIN team_members tm ON t.team_id = tm.team_id
    LEFT JOIN incidents i     ON t.team_id = i.assigned_team_id
    LEFT JOIN report_status rs ON i.status_id = rs.id
    GROUP BY t.team_id
    ORDER BY t.status, t.team_name

[24-Feb-2026 20:34:36 Asia/Manila] FlashCru Query Error: SQLSTATE[42S02]: Base table or view not found: 1146 Table 'emergency_db.report_status' doesn't exist | SQL: 
    SELECT
        SUM(CASE WHEN rs.name = 'Pending'    THEN 1 ELSE 0 END) AS pending,
        SUM(CASE WHEN rs.name = 'Dispatched' THEN 1 ELSE 0 END) AS dispatched,
        SUM(CASE WHEN rs.name = 'Ongoing'    THEN 1 ELSE 0 END) AS ongoing,
        SUM(CASE WHEN rs.name = 'Resolved'   THEN 1 ELSE 0 END) AS resolved,
        SUM(CASE WHEN rs.name = 'Cancelled'  THEN 1 ELSE 0 END) AS cancelled,
        COUNT(*) AS total
    FROM incidents i
    LEFT JOIN report_status rs ON i.status_id = rs.id

[24-Feb-2026 20:34:36 Asia/Manila] FlashCru Query Error: SQLSTATE[42S02]: Base table or view not found: 1146 Table 'emergency_db.incident_types' doesn't exist | SQL: 
    SELECT i.*,
           t.team_name,
           u.full_name        AS reporter,
           it.name            AS type_name,
           it.icon            AS type_icon,
           it.color           AS type_color,
           b.name             AS barangay_name,
           rs.name            AS status_name,
           rs.color           AS status_color
    FROM incidents i
    LEFT JOIN teams t           ON i.assigned_team_id = t.team_id
    LEFT JOIN users u           ON i.user_id = u.user_id
    LEFT JOIN incident_types it ON i.incident_type_id = it.id
    LEFT JOIN barangays b       ON i.barangay_id = b.id
    LEFT JOIN report_status rs  ON i.status_id = rs.id
    ORDER BY i.created_at DESC
    LIMIT 10

[24-Feb-2026 20:34:36 Asia/Manila] FlashCru Query Error: SQLSTATE[42S02]: Base table or view not found: 1146 Table 'emergency_db.report_status' doesn't exist | SQL: 
    SELECT t.*,
        COUNT(DISTINCT tm.team_mem_id) AS member_count,
        SUM(CASE WHEN rs.name IN ('Dispatched','Ongoing') THEN 1 ELSE 0 END) AS on_scene,
        SUM(CASE WHEN rs.name = 'Resolved' THEN 1 ELSE 0 END) AS resolved_count
    FROM teams t
    LEFT JOIN team_members tm ON t.team_id = tm.team_id
    LEFT JOIN incidents i     ON t.team_id = i.assigned_team_id
    LEFT JOIN report_status rs ON i.status_id = rs.id
    GROUP BY t.team_id
    ORDER BY t.status, t.team_name

[24-Feb-2026 20:46:27 Asia/Manila] FlashCru Query Error: SQLSTATE[42S02]: Base table or view not found: 1146 Table 'emergency_db.report_status' doesn't exist | SQL: 
    SELECT
        SUM(CASE WHEN rs.name = 'Pending'    THEN 1 ELSE 0 END) AS pending,
        SUM(CASE WHEN rs.name = 'Dispatched' THEN 1 ELSE 0 END) AS dispatched,
        SUM(CASE WHEN rs.name = 'Ongoing'    THEN 1 ELSE 0 END) AS ongoing,
        SUM(CASE WHEN rs.name = 'Resolved'   THEN 1 ELSE 0 END) AS resolved,
        SUM(CASE WHEN rs.name = 'Cancelled'  THEN 1 ELSE 0 END) AS cancelled,
        COUNT(*) AS total
    FROM incidents i
    LEFT JOIN report_status rs ON i.status_id = rs.id

[24-Feb-2026 20:46:27 Asia/Manila] FlashCru Query Error: SQLSTATE[42S02]: Base table or view not found: 1146 Table 'emergency_db.incident_types' doesn't exist | SQL: 
    SELECT i.*,
           t.team_name,
           u.full_name        AS reporter,
           it.name            AS type_name,
           it.icon            AS type_icon,
           it.color           AS type_color,
           b.name             AS barangay_name,
           rs.name            AS status_name,
           rs.color           AS status_color
    FROM incidents i
    LEFT JOIN teams t           ON i.assigned_team_id = t.team_id
    LEFT JOIN users u           ON i.user_id = u.user_id
    LEFT JOIN incident_types it ON i.incident_type_id = it.id
    LEFT JOIN barangays b       ON i.barangay_id = b.id
    LEFT JOIN report_status rs  ON i.status_id = rs.id
    ORDER BY i.created_at DESC
    LIMIT 10

[24-Feb-2026 20:46:27 Asia/Manila] FlashCru Query Error: SQLSTATE[42S02]: Base table or view not found: 1146 Table 'emergency_db.report_status' doesn't exist | SQL: 
    SELECT t.*,
        COUNT(DISTINCT tm.team_mem_id) AS member_count,
        SUM(CASE WHEN rs.name IN ('Dispatched','Ongoing') THEN 1 ELSE 0 END) AS on_scene,
        SUM(CASE WHEN rs.name = 'Resolved' THEN 1 ELSE 0 END) AS resolved_count
    FROM teams t
    LEFT JOIN team_members tm ON t.team_id = tm.team_id
    LEFT JOIN incidents i     ON t.team_id = i.assigned_team_id
    LEFT JOIN report_status rs ON i.status_id = rs.id
    GROUP BY t.team_id
    ORDER BY t.status, t.team_name

[24-Feb-2026 20:46:31 Asia/Manila] FlashCru Query Error: SQLSTATE[42S02]: Base table or view not found: 1146 Table 'emergency_db.incident_types' doesn't exist | SQL: 
    SELECT i.*,
           t.team_name,
           t.team_id,
           u.full_name         AS reporter,
           it.name             AS type_name,
           it.icon             AS type_icon,
           it.color            AS type_color,
           b.name              AS barangay_name,
           rs.name             AS status_name,
           rs.color            AS status_color,
           rs.id               AS status_id
    FROM incidents i
    LEFT JOIN teams t           ON i.assigned_team_id = t.team_id
    LEFT JOIN users u           ON i.user_id = u.user_id
    LEFT JOIN incident_types it ON i.incident_type_id = it.id
    LEFT JOIN barangays b       ON i.barangay_id = b.id
    LEFT JOIN report_status rs  ON i.status_id = rs.id
    WHERE 1=1
    ORDER BY i.created_at DESC

[24-Feb-2026 20:46:31 Asia/Manila] FlashCru Query Error: SQLSTATE[42S02]: Base table or view not found: 1146 Table 'emergency_db.report_status' doesn't exist | SQL: SELECT * FROM report_status ORDER BY id ASC
[24-Feb-2026 20:46:31 Asia/Manila] FlashCru Query Error: SQLSTATE[42S02]: Base table or view not found: 1146 Table 'emergency_db.incident_types' doesn't exist | SQL: SELECT * FROM incident_types ORDER BY name ASC
[24-Feb-2026 20:51:22 Asia/Manila] FlashCru Query Error: SQLSTATE[42S02]: Base table or view not found: 1146 Table 'emergency_db.report_status' doesn't exist | SQL: 
    SELECT t.*,
           COUNT(DISTINCT tm.team_mem_id) AS member_count,
           SUM(CASE WHEN rs.name IN ('Dispatched','Ongoing') THEN 1 ELSE 0 END) AS active_incidents
    FROM teams t
    LEFT JOIN team_members tm  ON t.team_id = tm.team_id
    LEFT JOIN incidents i      ON t.team_id = i.assigned_team_id
    LEFT JOIN report_status rs ON i.status_id = rs.id
    GROUP BY t.team_id
    ORDER BY t.status, t.team_name

[24-Feb-2026 20:51:46 Asia/Manila] FlashCru Query Error: SQLSTATE[42S02]: Base table or view not found: 1146 Table 'emergency_db.report_status' doesn't exist | SQL: 
    SELECT
        SUM(CASE WHEN rs.name = 'Pending'    THEN 1 ELSE 0 END) AS pending,
        SUM(CASE WHEN rs.name = 'Dispatched' THEN 1 ELSE 0 END) AS dispatched,
        SUM(CASE WHEN rs.name = 'Ongoing'    THEN 1 ELSE 0 END) AS ongoing,
        SUM(CASE WHEN rs.name = 'Resolved'   THEN 1 ELSE 0 END) AS resolved,
        SUM(CASE WHEN rs.name = 'Cancelled'  THEN 1 ELSE 0 END) AS cancelled,
        COUNT(*) AS total
    FROM incidents i
    LEFT JOIN report_status rs ON i.status_id = rs.id

[24-Feb-2026 20:51:46 Asia/Manila] FlashCru Query Error: SQLSTATE[42S02]: Base table or view not found: 1146 Table 'emergency_db.incident_types' doesn't exist | SQL: 
    SELECT i.*,
           t.team_name,
           u.full_name        AS reporter,
           it.name            AS type_name,
           it.icon            AS type_icon,
           it.color           AS type_color,
           b.name             AS barangay_name,
           rs.name            AS status_name,
           rs.color           AS status_color
    FROM incidents i
    LEFT JOIN teams t           ON i.assigned_team_id = t.team_id
    LEFT JOIN users u           ON i.user_id = u.user_id
    LEFT JOIN incident_types it ON i.incident_type_id = it.id
    LEFT JOIN barangays b       ON i.barangay_id = b.id
    LEFT JOIN report_status rs  ON i.status_id = rs.id
    ORDER BY i.created_at DESC
    LIMIT 10

[24-Feb-2026 20:51:46 Asia/Manila] FlashCru Query Error: SQLSTATE[42S02]: Base table or view not found: 1146 Table 'emergency_db.report_status' doesn't exist | SQL: 
    SELECT t.*,
        COUNT(DISTINCT tm.team_mem_id) AS member_count,
        SUM(CASE WHEN rs.name IN ('Dispatched','Ongoing') THEN 1 ELSE 0 END) AS on_scene,
        SUM(CASE WHEN rs.name = 'Resolved' THEN 1 ELSE 0 END) AS resolved_count
    FROM teams t
    LEFT JOIN team_members tm ON t.team_id = tm.team_id
    LEFT JOIN incidents i     ON t.team_id = i.assigned_team_id
    LEFT JOIN report_status rs ON i.status_id = rs.id
    GROUP BY t.team_id
    ORDER BY t.status, t.team_name

[24-Feb-2026 20:55:33 Asia/Manila] FlashCru Query Error: SQLSTATE[42S02]: Base table or view not found: 1146 Table 'emergency_db.report_status' doesn't exist | SQL: 
    SELECT
        SUM(CASE WHEN rs.name = 'Pending'    THEN 1 ELSE 0 END) AS pending,
        SUM(CASE WHEN rs.name = 'Dispatched' THEN 1 ELSE 0 END) AS dispatched,
        SUM(CASE WHEN rs.name = 'Ongoing'    THEN 1 ELSE 0 END) AS ongoing,
        SUM(CASE WHEN rs.name = 'Resolved'   THEN 1 ELSE 0 END) AS resolved,
        SUM(CASE WHEN rs.name = 'Cancelled'  THEN 1 ELSE 0 END) AS cancelled,
        COUNT(*) AS total
    FROM incidents i
    LEFT JOIN report_status rs ON i.status_id = rs.id

[24-Feb-2026 20:55:33 Asia/Manila] FlashCru Query Error: SQLSTATE[42S02]: Base table or view not found: 1146 Table 'emergency_db.incident_types' doesn't exist | SQL: 
    SELECT i.*,
           t.team_name,
           u.full_name        AS reporter,
           it.name            AS type_name,
           it.icon            AS type_icon,
           it.color           AS type_color,
           b.name             AS barangay_name,
           rs.name            AS status_name,
           rs.color           AS status_color
    FROM incidents i
    LEFT JOIN teams t           ON i.assigned_team_id = t.team_id
    LEFT JOIN users u           ON i.user_id = u.user_id
    LEFT JOIN incident_types it ON i.incident_type_id = it.id
    LEFT JOIN barangays b       ON i.barangay_id = b.id
    LEFT JOIN report_status rs  ON i.status_id = rs.id
    ORDER BY i.created_at DESC
    LIMIT 10

[24-Feb-2026 20:55:33 Asia/Manila] FlashCru Query Error: SQLSTATE[42S02]: Base table or view not found: 1146 Table 'emergency_db.report_status' doesn't exist | SQL: 
    SELECT t.*,
        COUNT(DISTINCT tm.team_mem_id) AS member_count,
        SUM(CASE WHEN rs.name IN ('Dispatched','Ongoing') THEN 1 ELSE 0 END) AS on_scene,
        SUM(CASE WHEN rs.name = 'Resolved' THEN 1 ELSE 0 END) AS resolved_count
    FROM teams t
    LEFT JOIN team_members tm ON t.team_id = tm.team_id
    LEFT JOIN incidents i     ON t.team_id = i.assigned_team_id
    LEFT JOIN report_status rs ON i.status_id = rs.id
    GROUP BY t.team_id
    ORDER BY t.status, t.team_name

[24-Feb-2026 20:55:37 Asia/Manila] FlashCru Query Error: SQLSTATE[42S02]: Base table or view not found: 1146 Table 'emergency_db.report_status' doesn't exist | SQL: 
    SELECT
        SUM(CASE WHEN rs.name = 'Pending'    THEN 1 ELSE 0 END) AS pending,
        SUM(CASE WHEN rs.name = 'Dispatched' THEN 1 ELSE 0 END) AS dispatched,
        SUM(CASE WHEN rs.name = 'Ongoing'    THEN 1 ELSE 0 END) AS ongoing,
        SUM(CASE WHEN rs.name = 'Resolved'   THEN 1 ELSE 0 END) AS resolved,
        SUM(CASE WHEN rs.name = 'Cancelled'  THEN 1 ELSE 0 END) AS cancelled,
        COUNT(*) AS total
    FROM incidents i
    LEFT JOIN report_status rs ON i.status_id = rs.id

[24-Feb-2026 20:55:37 Asia/Manila] FlashCru Query Error: SQLSTATE[42S02]: Base table or view not found: 1146 Table 'emergency_db.incident_types' doesn't exist | SQL: 
    SELECT i.*,
           t.team_name,
           u.full_name        AS reporter,
           it.name            AS type_name,
           it.icon            AS type_icon,
           it.color           AS type_color,
           b.name             AS barangay_name,
           rs.name            AS status_name,
           rs.color           AS status_color
    FROM incidents i
    LEFT JOIN teams t           ON i.assigned_team_id = t.team_id
    LEFT JOIN users u           ON i.user_id = u.user_id
    LEFT JOIN incident_types it ON i.incident_type_id = it.id
    LEFT JOIN barangays b       ON i.barangay_id = b.id
    LEFT JOIN report_status rs  ON i.status_id = rs.id
    ORDER BY i.created_at DESC
    LIMIT 10

[24-Feb-2026 20:55:37 Asia/Manila] FlashCru Query Error: SQLSTATE[42S02]: Base table or view not found: 1146 Table 'emergency_db.report_status' doesn't exist | SQL: 
    SELECT t.*,
        COUNT(DISTINCT tm.team_mem_id) AS member_count,
        SUM(CASE WHEN rs.name IN ('Dispatched','Ongoing') THEN 1 ELSE 0 END) AS on_scene,
        SUM(CASE WHEN rs.name = 'Resolved' THEN 1 ELSE 0 END) AS resolved_count
    FROM teams t
    LEFT JOIN team_members tm ON t.team_id = tm.team_id
    LEFT JOIN incidents i     ON t.team_id = i.assigned_team_id
    LEFT JOIN report_status rs ON i.status_id = rs.id
    GROUP BY t.team_id
    ORDER BY t.status, t.team_name

[24-Feb-2026 20:55:43 Asia/Manila] FlashCru Query Error: SQLSTATE[42S02]: Base table or view not found: 1146 Table 'emergency_db.report_status' doesn't exist | SQL: 
    SELECT
        SUM(CASE WHEN rs.name = 'Pending'    THEN 1 ELSE 0 END) AS pending,
        SUM(CASE WHEN rs.name = 'Dispatched' THEN 1 ELSE 0 END) AS dispatched,
        SUM(CASE WHEN rs.name = 'Ongoing'    THEN 1 ELSE 0 END) AS ongoing,
        SUM(CASE WHEN rs.name = 'Resolved'   THEN 1 ELSE 0 END) AS resolved,
        SUM(CASE WHEN rs.name = 'Cancelled'  THEN 1 ELSE 0 END) AS cancelled,
        COUNT(*) AS total
    FROM incidents i
    LEFT JOIN report_status rs ON i.status_id = rs.id

[24-Feb-2026 20:55:43 Asia/Manila] FlashCru Query Error: SQLSTATE[42S02]: Base table or view not found: 1146 Table 'emergency_db.incident_types' doesn't exist | SQL: 
    SELECT i.*,
           t.team_name,
           u.full_name        AS reporter,
           it.name            AS type_name,
           it.icon            AS type_icon,
           it.color           AS type_color,
           b.name             AS barangay_name,
           rs.name            AS status_name,
           rs.color           AS status_color
    FROM incidents i
    LEFT JOIN teams t           ON i.assigned_team_id = t.team_id
    LEFT JOIN users u           ON i.user_id = u.user_id
    LEFT JOIN incident_types it ON i.incident_type_id = it.id
    LEFT JOIN barangays b       ON i.barangay_id = b.id
    LEFT JOIN report_status rs  ON i.status_id = rs.id
    ORDER BY i.created_at DESC
    LIMIT 10

[24-Feb-2026 20:55:43 Asia/Manila] FlashCru Query Error: SQLSTATE[42S02]: Base table or view not found: 1146 Table 'emergency_db.report_status' doesn't exist | SQL: 
    SELECT t.*,
        COUNT(DISTINCT tm.team_mem_id) AS member_count,
        SUM(CASE WHEN rs.name IN ('Dispatched','Ongoing') THEN 1 ELSE 0 END) AS on_scene,
        SUM(CASE WHEN rs.name = 'Resolved' THEN 1 ELSE 0 END) AS resolved_count
    FROM teams t
    LEFT JOIN team_members tm ON t.team_id = tm.team_id
    LEFT JOIN incidents i     ON t.team_id = i.assigned_team_id
    LEFT JOIN report_status rs ON i.status_id = rs.id
    GROUP BY t.team_id
    ORDER BY t.status, t.team_name

[24-Feb-2026 20:56:03 Asia/Manila] FlashCru Query Error: SQLSTATE[42S02]: Base table or view not found: 1146 Table 'emergency_db.incident_types' doesn't exist | SQL: 
    SELECT i.*,
           t.team_name,
           t.team_id,
           u.full_name         AS reporter,
           it.name             AS type_name,
           it.icon             AS type_icon,
           it.color            AS type_color,
           b.name              AS barangay_name,
           rs.name             AS status_name,
           rs.color            AS status_color,
           rs.id               AS status_id
    FROM incidents i
    LEFT JOIN teams t           ON i.assigned_team_id = t.team_id
    LEFT JOIN users u           ON i.user_id = u.user_id
    LEFT JOIN incident_types it ON i.incident_type_id = it.id
    LEFT JOIN barangays b       ON i.barangay_id = b.id
    LEFT JOIN report_status rs  ON i.status_id = rs.id
    WHERE 1=1
    ORDER BY i.created_at DESC

[24-Feb-2026 20:56:03 Asia/Manila] FlashCru Query Error: SQLSTATE[42S02]: Base table or view not found: 1146 Table 'emergency_db.report_status' doesn't exist | SQL: SELECT * FROM report_status ORDER BY id ASC
[24-Feb-2026 20:56:03 Asia/Manila] FlashCru Query Error: SQLSTATE[42S02]: Base table or view not found: 1146 Table 'emergency_db.incident_types' doesn't exist | SQL: SELECT * FROM incident_types ORDER BY name ASC
[24-Feb-2026 20:56:08 Asia/Manila] FlashCru Query Error: SQLSTATE[42S02]: Base table or view not found: 1146 Table 'emergency_db.report_status' doesn't exist | SQL: 
    SELECT t.*,
           COUNT(DISTINCT tm.team_mem_id) AS member_count,
           SUM(CASE WHEN rs.name IN ('Dispatched','Ongoing') THEN 1 ELSE 0 END) AS active_incidents
    FROM teams t
    LEFT JOIN team_members tm  ON t.team_id = tm.team_id
    LEFT JOIN incidents i      ON t.team_id = i.assigned_team_id
    LEFT JOIN report_status rs ON i.status_id = rs.id
    GROUP BY t.team_id
    ORDER BY t.status, t.team_name

[24-Feb-2026 22:06:23 Asia/Manila] FlashCru Database Connection Error: SQLSTATE[HY000] [2006] MySQL server has gone away
[24-Feb-2026 22:12:24 Asia/Manila] PHP Warning:  Uncaught PDOException: PDO::__construct(): Error while reading greeting packet. PID=26332 in C:\xampp\htdocs\emergency-response-system\includes\db.php:39
Stack trace:
#0 C:\xampp\htdocs\emergency-response-system\includes\db.php(39): PDO->__construct('mysql:host=loca...', 'root', '', Array)
#1 C:\xampp\htdocs\emergency-response-system\includes\auth.php(88): Database->connect()
#2 C:\xampp\htdocs\emergency-response-system\index.php(22): login('admin', 'password')
#3 {main}

Next PDOException: SQLSTATE[HY000] [2006] MySQL server has gone away in C:\xampp\htdocs\emergency-response-system\includes\db.php:39
Stack trace:
#0 C:\xampp\htdocs\emergency-response-system\includes\db.php(39): PDO->__construct('mysql:host=loca...', 'root', '', Array)
#1 C:\xampp\htdocs\emergency-response-system\includes\auth.php(88): Database->connect()
#2 C:\xampp\htdocs\emergency-response-system\index.php(22): login('admin', 'password')
#3 {main}
  thrown in C:\xampp\htdocs\emergency-response-system\includes\db.php on line 39
[24-Feb-2026 22:12:24 Asia/Manila] PHP Fatal error:  Maximum execution time of 120 seconds exceeded in C:\xampp\htdocs\emergency-response-system\includes\db.php on line 41
[24-Feb-2026 22:19:38 Asia/Manila] FlashCru Database Connection Error: SQLSTATE[HY000] [2006] MySQL server has gone away
[24-Feb-2026 22:34:11 Asia/Manila] FlashCru Query Error: SQLSTATE[42S02]: Base table or view not found: 1146 Table 'emergency_db.report_status' doesn't exist | SQL: SELECT COUNT(*) AS c FROM incidents i JOIN report_status rs ON i.status_id = rs.id WHERE rs.name = 'Pending'
[24-Feb-2026 22:34:11 Asia/Manila] FlashCru Query Error: SQLSTATE[42S02]: Base table or view not found: 1146 Table 'emergency_db.report_status' doesn't exist | SQL: SELECT COUNT(*) AS c FROM incidents i JOIN report_status rs ON i.status_id = rs.id WHERE rs.name IN ('Dispatched','Ongoing')
[24-Feb-2026 22:34:11 Asia/Manila] FlashCru Query Error: SQLSTATE[42S02]: Base table or view not found: 1146 Table 'emergency_db.report_status' doesn't exist | SQL: SELECT COUNT(*) AS c FROM incidents i JOIN report_status rs ON i.status_id = rs.id WHERE rs.name = 'Resolved'
[24-Feb-2026 22:34:11 Asia/Manila] FlashCru Query Error: SQLSTATE[42S02]: Base table or view not found: 1146 Table 'emergency_db.incident_types' doesn't exist | SQL: 
    SELECT i.*, it.name AS type_name, it.icon AS type_icon, it.color AS type_color,
           b.name AS barangay_name, rs.name AS status_name, rs.color AS status_color, t.team_name
    FROM incidents i
    LEFT JOIN incident_types it ON i.incident_type_id = it.id
    LEFT JOIN barangays b       ON i.barangay_id = b.id
    LEFT JOIN report_status rs  ON i.status_id = rs.id
    LEFT JOIN teams t           ON i.assigned_team_id = t.team_id
    ORDER BY i.created_at DESC
    LIMIT 8

[24-Feb-2026 22:34:11 Asia/Manila] FlashCru Query Error: SQLSTATE[42S02]: Base table or view not found: 1146 Table 'emergency_db.incident_types' doesn't exist | SQL: 
    SELECT it.name, it.icon, it.color, COUNT(i.id) AS cnt
    FROM incident_types it
    LEFT JOIN incidents i ON i.incident_type_id = it.id
    GROUP BY it.id
    ORDER BY cnt DESC
    LIMIT 5

[24-Feb-2026 22:34:11 Asia/Manila] FlashCru Query Error: SQLSTATE[42S02]: Base table or view not found: 1146 Table 'emergency_db.activity_logs' doesn't exist | SQL: 
    SELECT al.*, u.full_name
    FROM activity_logs al
    LEFT JOIN users u ON al.user_id = u.user_id
    ORDER BY al.created_at DESC
    LIMIT 6

[24-Feb-2026 22:42:25 Asia/Manila] FlashCru Query Error: SQLSTATE[42S02]: Base table or view not found: 1146 Table 'emergency_db.report_status' doesn't exist | SQL: SELECT COUNT(*) AS c FROM incidents i JOIN report_status rs ON i.status_id = rs.id WHERE rs.name = 'Pending'
[24-Feb-2026 22:42:25 Asia/Manila] FlashCru Query Error: SQLSTATE[42S02]: Base table or view not found: 1146 Table 'emergency_db.report_status' doesn't exist | SQL: SELECT COUNT(*) AS c FROM incidents i JOIN report_status rs ON i.status_id = rs.id WHERE rs.name IN ('Dispatched','Ongoing')
[24-Feb-2026 22:42:25 Asia/Manila] FlashCru Query Error: SQLSTATE[42S02]: Base table or view not found: 1146 Table 'emergency_db.report_status' doesn't exist | SQL: SELECT COUNT(*) AS c FROM incidents i JOIN report_status rs ON i.status_id = rs.id WHERE rs.name = 'Resolved'
[24-Feb-2026 22:42:25 Asia/Manila] FlashCru Query Error: SQLSTATE[42S02]: Base table or view not found: 1146 Table 'emergency_db.incident_types' doesn't exist | SQL: 
    SELECT i.*, it.name AS type_name, it.icon AS type_icon, it.color AS type_color,
           b.name AS barangay_name, rs.name AS status_name, rs.color AS status_color, t.team_name
    FROM incidents i
    LEFT JOIN incident_types it ON i.incident_type_id = it.id
    LEFT JOIN barangays b       ON i.barangay_id = b.id
    LEFT JOIN report_status rs  ON i.status_id = rs.id
    LEFT JOIN teams t           ON i.assigned_team_id = t.team_id
    ORDER BY i.created_at DESC
    LIMIT 8

[24-Feb-2026 22:42:25 Asia/Manila] FlashCru Query Error: SQLSTATE[42S02]: Base table or view not found: 1146 Table 'emergency_db.incident_types' doesn't exist | SQL: 
    SELECT it.name, it.icon, it.color, COUNT(i.id) AS cnt
    FROM incident_types it
    LEFT JOIN incidents i ON i.incident_type_id = it.id
    GROUP BY it.id
    ORDER BY cnt DESC
    LIMIT 5

[24-Feb-2026 22:42:25 Asia/Manila] FlashCru Query Error: SQLSTATE[42S02]: Base table or view not found: 1146 Table 'emergency_db.activity_logs' doesn't exist | SQL: 
    SELECT al.*, u.full_name
    FROM activity_logs al
    LEFT JOIN users u ON al.user_id = u.user_id
    ORDER BY al.created_at DESC
    LIMIT 6

[24-Feb-2026 22:42:34 Asia/Manila] FlashCru Query Error: SQLSTATE[42S02]: Base table or view not found: 1146 Table 'emergency_db.report_status' doesn't exist | SQL: SELECT * FROM report_status ORDER BY id ASC
[24-Feb-2026 22:42:34 Asia/Manila] FlashCru Query Error: SQLSTATE[42S02]: Base table or view not found: 1146 Table 'emergency_db.incident_types' doesn't exist | SQL: SELECT * FROM incident_types ORDER BY name ASC
[24-Feb-2026 22:42:34 Asia/Manila] FlashCru Query Error: SQLSTATE[42S02]: Base table or view not found: 1146 Table 'emergency_db.barangays' doesn't exist | SQL: SELECT * FROM barangays ORDER BY name ASC
[24-Feb-2026 22:42:34 Asia/Manila] FlashCru Query Error: SQLSTATE[42S02]: Base table or view not found: 1146 Table 'emergency_db.incident_types' doesn't exist | SQL: 
    SELECT i.*,
           it.name AS type_name, it.icon AS type_icon, it.color AS type_color,
           b.name  AS barangay_name,
           rs.name AS status_name, rs.color AS status_color, rs.id AS status_id_val,
           t.team_name
    FROM incidents i
    LEFT JOIN incident_types it ON i.incident_type_id = it.id
    LEFT JOIN barangays b       ON i.barangay_id = b.id
    LEFT JOIN report_status rs  ON i.status_id = rs.id
    LEFT JOIN teams t           ON i.assigned_team_id = t.team_id
    WHERE 1=1
    ORDER BY i.created_at DESC

[24-Feb-2026 22:42:36 Asia/Manila] FlashCru Query Error: SQLSTATE[42S02]: Base table or view not found: 1146 Table 'emergency_db.report_status' doesn't exist | SQL: 
    SELECT t.*,
           COUNT(DISTINCT tm.team_mem_id) AS member_count,
           SUM(CASE WHEN rs.name IN ('Dispatched','Ongoing') THEN 1 ELSE 0 END) AS active_incidents
    FROM teams t
    LEFT JOIN team_members tm  ON t.team_id = tm.team_id
    LEFT JOIN incidents i      ON t.team_id = i.assigned_team_id
    LEFT JOIN report_status rs ON i.status_id = rs.id
    GROUP BY t.team_id
    ORDER BY FIELD(t.status,'available','busy','offline'), t.team_name

[24-Feb-2026 22:42:37 Asia/Manila] FlashCru Query Error: SQLSTATE[42S02]: Base table or view not found: 1146 Table 'emergency_db.report_status' doesn't exist | SQL: SELECT COUNT(*) AS c FROM incidents i JOIN report_status rs ON i.status_id = rs.id WHERE rs.name = 'Pending'
[24-Feb-2026 22:42:37 Asia/Manila] FlashCru Query Error: SQLSTATE[42S02]: Base table or view not found: 1146 Table 'emergency_db.report_status' doesn't exist | SQL: SELECT COUNT(*) AS c FROM incidents i JOIN report_status rs ON i.status_id = rs.id WHERE rs.name IN ('Dispatched','Ongoing')
[24-Feb-2026 22:42:37 Asia/Manila] FlashCru Query Error: SQLSTATE[42S02]: Base table or view not found: 1146 Table 'emergency_db.report_status' doesn't exist | SQL: SELECT COUNT(*) AS c FROM incidents i JOIN report_status rs ON i.status_id = rs.id WHERE rs.name = 'Resolved'
[24-Feb-2026 22:42:37 Asia/Manila] FlashCru Query Error: SQLSTATE[42S02]: Base table or view not found: 1146 Table 'emergency_db.incident_types' doesn't exist | SQL: 
    SELECT i.*, it.name AS type_name, it.icon AS type_icon, it.color AS type_color,
           b.name AS barangay_name, rs.name AS status_name, rs.color AS status_color, t.team_name
    FROM incidents i
    LEFT JOIN incident_types it ON i.incident_type_id = it.id
    LEFT JOIN barangays b       ON i.barangay_id = b.id
    LEFT JOIN report_status rs  ON i.status_id = rs.id
    LEFT JOIN teams t           ON i.assigned_team_id = t.team_id
    ORDER BY i.created_at DESC
    LIMIT 8

[24-Feb-2026 22:42:37 Asia/Manila] FlashCru Query Error: SQLSTATE[42S02]: Base table or view not found: 1146 Table 'emergency_db.incident_types' doesn't exist | SQL: 
    SELECT it.name, it.icon, it.color, COUNT(i.id) AS cnt
    FROM incident_types it
    LEFT JOIN incidents i ON i.incident_type_id = it.id
    GROUP BY it.id
    ORDER BY cnt DESC
    LIMIT 5

[24-Feb-2026 22:42:37 Asia/Manila] FlashCru Query Error: SQLSTATE[42S02]: Base table or view not found: 1146 Table 'emergency_db.activity_logs' doesn't exist | SQL: 
    SELECT al.*, u.full_name
    FROM activity_logs al
    LEFT JOIN users u ON al.user_id = u.user_id
    ORDER BY al.created_at DESC
    LIMIT 6

[24-Feb-2026 22:42:37 Asia/Manila] FlashCru Query Error: SQLSTATE[42S02]: Base table or view not found: 1146 Table 'emergency_db.incident_types' doesn't exist | SQL: 
    SELECT i.*,
           it.name AS type_name, it.icon AS type_icon, it.color AS type_color,
           b.name  AS barangay_name,
           rs.name AS status_name, rs.color AS status_color,
           t.team_name
    FROM incidents i
    LEFT JOIN incident_types it ON i.incident_type_id = it.id
    LEFT JOIN barangays b       ON i.barangay_id = b.id
    LEFT JOIN report_status rs  ON i.status_id = rs.id
    LEFT JOIN teams t           ON i.assigned_team_id = t.team_id
    WHERE i.user_id = ?
    ORDER BY i.created_at DESC

[24-Feb-2026 22:43:32 Asia/Manila] FlashCru Query Error: SQLSTATE[42S02]: Base table or view not found: 1146 Table 'emergency_db.report_status' doesn't exist | SQL: SELECT * FROM report_status ORDER BY id ASC
[24-Feb-2026 22:43:32 Asia/Manila] FlashCru Query Error: SQLSTATE[42S02]: Base table or view not found: 1146 Table 'emergency_db.incident_types' doesn't exist | SQL: SELECT * FROM incident_types ORDER BY name ASC
[24-Feb-2026 22:43:32 Asia/Manila] FlashCru Query Error: SQLSTATE[42S02]: Base table or view not found: 1146 Table 'emergency_db.barangays' doesn't exist | SQL: SELECT * FROM barangays ORDER BY name ASC
[24-Feb-2026 22:43:32 Asia/Manila] FlashCru Query Error: SQLSTATE[42S02]: Base table or view not found: 1146 Table 'emergency_db.incident_types' doesn't exist | SQL: 
    SELECT i.*,
           it.name AS type_name, it.icon AS type_icon, it.color AS type_color,
           b.name  AS barangay_name,
           rs.name AS status_name, rs.color AS status_color, rs.id AS status_id_val,
           t.team_name
    FROM incidents i
    LEFT JOIN incident_types it ON i.incident_type_id = it.id
    LEFT JOIN barangays b       ON i.barangay_id = b.id
    LEFT JOIN report_status rs  ON i.status_id = rs.id
    LEFT JOIN teams t           ON i.assigned_team_id = t.team_id
    WHERE 1=1
    ORDER BY i.created_at DESC

[24-Feb-2026 22:43:33 Asia/Manila] FlashCru Query Error: SQLSTATE[42S02]: Base table or view not found: 1146 Table 'emergency_db.report_status' doesn't exist | SQL: SELECT COUNT(*) AS c FROM incidents i JOIN report_status rs ON i.status_id = rs.id WHERE rs.name = 'Pending'
[24-Feb-2026 22:43:33 Asia/Manila] FlashCru Query Error: SQLSTATE[42S02]: Base table or view not found: 1146 Table 'emergency_db.report_status' doesn't exist | SQL: SELECT COUNT(*) AS c FROM incidents i JOIN report_status rs ON i.status_id = rs.id WHERE rs.name IN ('Dispatched','Ongoing')
[24-Feb-2026 22:43:33 Asia/Manila] FlashCru Query Error: SQLSTATE[42S02]: Base table or view not found: 1146 Table 'emergency_db.report_status' doesn't exist | SQL: SELECT COUNT(*) AS c FROM incidents i JOIN report_status rs ON i.status_id = rs.id WHERE rs.name = 'Resolved'
[24-Feb-2026 22:43:33 Asia/Manila] FlashCru Query Error: SQLSTATE[42S02]: Base table or view not found: 1146 Table 'emergency_db.incident_types' doesn't exist | SQL: 
    SELECT i.*, it.name AS type_name, it.icon AS type_icon, it.color AS type_color,
           b.name AS barangay_name, rs.name AS status_name, rs.color AS status_color, t.team_name
    FROM incidents i
    LEFT JOIN incident_types it ON i.incident_type_id = it.id
    LEFT JOIN barangays b       ON i.barangay_id = b.id
    LEFT JOIN report_status rs  ON i.status_id = rs.id
    LEFT JOIN teams t           ON i.assigned_team_id = t.team_id
    ORDER BY i.created_at DESC
    LIMIT 8

[24-Feb-2026 22:43:33 Asia/Manila] FlashCru Query Error: SQLSTATE[42S02]: Base table or view not found: 1146 Table 'emergency_db.incident_types' doesn't exist | SQL: 
    SELECT it.name, it.icon, it.color, COUNT(i.id) AS cnt
    FROM incident_types it
    LEFT JOIN incidents i ON i.incident_type_id = it.id
    GROUP BY it.id
    ORDER BY cnt DESC
    LIMIT 5

[24-Feb-2026 22:43:33 Asia/Manila] FlashCru Query Error: SQLSTATE[42S02]: Base table or view not found: 1146 Table 'emergency_db.activity_logs' doesn't exist | SQL: 
    SELECT al.*, u.full_name
    FROM activity_logs al
    LEFT JOIN users u ON al.user_id = u.user_id
    ORDER BY al.created_at DESC
    LIMIT 6

[24-Feb-2026 22:43:57 Asia/Manila] FlashCru Query Error: SQLSTATE[42S02]: Base table or view not found: 1146 Table 'emergency_db.report_status' doesn't exist | SQL: SELECT * FROM report_status ORDER BY id ASC
[24-Feb-2026 22:43:57 Asia/Manila] FlashCru Query Error: SQLSTATE[42S02]: Base table or view not found: 1146 Table 'emergency_db.incident_types' doesn't exist | SQL: SELECT * FROM incident_types ORDER BY name ASC
[24-Feb-2026 22:43:57 Asia/Manila] FlashCru Query Error: SQLSTATE[42S02]: Base table or view not found: 1146 Table 'emergency_db.barangays' doesn't exist | SQL: SELECT * FROM barangays ORDER BY name ASC
[24-Feb-2026 22:43:57 Asia/Manila] FlashCru Query Error: SQLSTATE[42S02]: Base table or view not found: 1146 Table 'emergency_db.incident_types' doesn't exist | SQL: 
    SELECT i.*,
           it.name AS type_name, it.icon AS type_icon, it.color AS type_color,
           b.name  AS barangay_name,
           rs.name AS status_name, rs.color AS status_color, rs.id AS status_id_val,
           t.team_name
    FROM incidents i
    LEFT JOIN incident_types it ON i.incident_type_id = it.id
    LEFT JOIN barangays b       ON i.barangay_id = b.id
    LEFT JOIN report_status rs  ON i.status_id = rs.id
    LEFT JOIN teams t           ON i.assigned_team_id = t.team_id
    WHERE 1=1
    ORDER BY i.created_at DESC

[24-Feb-2026 22:43:59 Asia/Manila] FlashCru Query Error: SQLSTATE[42S02]: Base table or view not found: 1146 Table 'emergency_db.report_status' doesn't exist | SQL: 
    SELECT t.*,
           COUNT(DISTINCT tm.team_mem_id) AS member_count,
           SUM(CASE WHEN rs.name IN ('Dispatched','Ongoing') THEN 1 ELSE 0 END) AS active_incidents
    FROM teams t
    LEFT JOIN team_members tm  ON t.team_id = tm.team_id
    LEFT JOIN incidents i      ON t.team_id = i.assigned_team_id
    LEFT JOIN report_status rs ON i.status_id = rs.id
    GROUP BY t.team_id
    ORDER BY FIELD(t.status,'available','busy','offline'), t.team_name

[24-Feb-2026 22:44:02 Asia/Manila] FlashCru Query Error: SQLSTATE[42S02]: Base table or view not found: 1146 Table 'emergency_db.barangays' doesn't exist | SQL: SELECT id, name, district FROM barangays ORDER BY name ASC
[24-Feb-2026 22:44:02 Asia/Manila] FlashCru Query Error: SQLSTATE[42S02]: Base table or view not found: 1146 Table 'emergency_db.incident_types' doesn't exist | SQL: SELECT id, name, icon, color FROM incident_types ORDER BY name ASC
[24-Feb-2026 22:44:56 Asia/Manila] FlashCru Query Error: SQLSTATE[42S02]: Base table or view not found: 1146 Table 'emergency_db.barangays' doesn't exist | SQL: SELECT id, name, district FROM barangays ORDER BY name ASC
[24-Feb-2026 22:44:56 Asia/Manila] FlashCru Query Error: SQLSTATE[42S02]: Base table or view not found: 1146 Table 'emergency_db.incident_types' doesn't exist | SQL: SELECT id, name, icon, color FROM incident_types ORDER BY name ASC
[24-Feb-2026 22:45:33 Asia/Manila] FlashCru Query Error: SQLSTATE[42S02]: Base table or view not found: 1146 Table 'emergency_db.incident_types' doesn't exist | SQL: 
    SELECT i.*,
           it.name AS type_name, it.icon AS type_icon, it.color AS type_color,
           b.name  AS barangay_name,
           rs.name AS status_name, rs.color AS status_color,
           t.team_name
    FROM incidents i
    LEFT JOIN incident_types it ON i.incident_type_id = it.id
    LEFT JOIN barangays b       ON i.barangay_id = b.id
    LEFT JOIN report_status rs  ON i.status_id = rs.id
    LEFT JOIN teams t           ON i.assigned_team_id = t.team_id
    WHERE i.user_id = ?
    ORDER BY i.created_at DESC

[24-Feb-2026 22:45:35 Asia/Manila] FlashCru Query Error: SQLSTATE[42S02]: Base table or view not found: 1146 Table 'emergency_db.barangays' doesn't exist | SQL: SELECT id, name, district FROM barangays ORDER BY name ASC
[24-Feb-2026 22:45:35 Asia/Manila] FlashCru Query Error: SQLSTATE[42S02]: Base table or view not found: 1146 Table 'emergency_db.incident_types' doesn't exist | SQL: SELECT id, name, icon, color FROM incident_types ORDER BY name ASC
[24-Feb-2026 22:45:39 Asia/Manila] FlashCru Query Error: SQLSTATE[42S02]: Base table or view not found: 1146 Table 'emergency_db.report_status' doesn't exist | SQL: SELECT COUNT(*) AS c FROM incidents i JOIN report_status rs ON i.status_id = rs.id WHERE rs.name = 'Pending'
[24-Feb-2026 22:45:39 Asia/Manila] FlashCru Query Error: SQLSTATE[42S02]: Base table or view not found: 1146 Table 'emergency_db.report_status' doesn't exist | SQL: SELECT COUNT(*) AS c FROM incidents i JOIN report_status rs ON i.status_id = rs.id WHERE rs.name IN ('Dispatched','Ongoing')
[24-Feb-2026 22:45:39 Asia/Manila] FlashCru Query Error: SQLSTATE[42S02]: Base table or view not found: 1146 Table 'emergency_db.report_status' doesn't exist | SQL: SELECT COUNT(*) AS c FROM incidents i JOIN report_status rs ON i.status_id = rs.id WHERE rs.name = 'Resolved'
[24-Feb-2026 22:45:39 Asia/Manila] FlashCru Query Error: SQLSTATE[42S02]: Base table or view not found: 1146 Table 'emergency_db.incident_types' doesn't exist | SQL: 
    SELECT i.*, it.name AS type_name, it.icon AS type_icon, it.color AS type_color,
           b.name AS barangay_name, rs.name AS status_name, rs.color AS status_color, t.team_name
    FROM incidents i
    LEFT JOIN incident_types it ON i.incident_type_id = it.id
    LEFT JOIN barangays b       ON i.barangay_id = b.id
    LEFT JOIN report_status rs  ON i.status_id = rs.id
    LEFT JOIN teams t           ON i.assigned_team_id = t.team_id
    ORDER BY i.created_at DESC
    LIMIT 8

[24-Feb-2026 22:45:39 Asia/Manila] FlashCru Query Error: SQLSTATE[42S02]: Base table or view not found: 1146 Table 'emergency_db.incident_types' doesn't exist | SQL: 
    SELECT it.name, it.icon, it.color, COUNT(i.id) AS cnt
    FROM incident_types it
    LEFT JOIN incidents i ON i.incident_type_id = it.id
    GROUP BY it.id
    ORDER BY cnt DESC
    LIMIT 5

[24-Feb-2026 22:45:39 Asia/Manila] FlashCru Query Error: SQLSTATE[42S02]: Base table or view not found: 1146 Table 'emergency_db.activity_logs' doesn't exist | SQL: 
    SELECT al.*, u.full_name
    FROM activity_logs al
    LEFT JOIN users u ON al.user_id = u.user_id
    ORDER BY al.created_at DESC
    LIMIT 6

[24-Feb-2026 22:45:41 Asia/Manila] FlashCru Query Error: SQLSTATE[42S02]: Base table or view not found: 1146 Table 'emergency_db.report_status' doesn't exist | SQL: 
    SELECT t.*,
           COUNT(DISTINCT tm.team_mem_id) AS member_count,
           SUM(CASE WHEN rs.name IN ('Dispatched','Ongoing') THEN 1 ELSE 0 END) AS active_incidents
    FROM teams t
    LEFT JOIN team_members tm  ON t.team_id = tm.team_id
    LEFT JOIN incidents i      ON t.team_id = i.assigned_team_id
    LEFT JOIN report_status rs ON i.status_id = rs.id
    GROUP BY t.team_id
    ORDER BY FIELD(t.status,'available','busy','offline'), t.team_name

[24-Feb-2026 22:45:41 Asia/Manila] FlashCru Query Error: SQLSTATE[42S02]: Base table or view not found: 1146 Table 'emergency_db.report_status' doesn't exist | SQL: SELECT * FROM report_status ORDER BY id ASC
[24-Feb-2026 22:45:41 Asia/Manila] FlashCru Query Error: SQLSTATE[42S02]: Base table or view not found: 1146 Table 'emergency_db.incident_types' doesn't exist | SQL: SELECT * FROM incident_types ORDER BY name ASC
[24-Feb-2026 22:45:41 Asia/Manila] FlashCru Query Error: SQLSTATE[42S02]: Base table or view not found: 1146 Table 'emergency_db.barangays' doesn't exist | SQL: SELECT * FROM barangays ORDER BY name ASC
[24-Feb-2026 22:45:41 Asia/Manila] FlashCru Query Error: SQLSTATE[42S02]: Base table or view not found: 1146 Table 'emergency_db.incident_types' doesn't exist | SQL: 
    SELECT i.*,
           it.name AS type_name, it.icon AS type_icon, it.color AS type_color,
           b.name  AS barangay_name,
           rs.name AS status_name, rs.color AS status_color, rs.id AS status_id_val,
           t.team_name
    FROM incidents i
    LEFT JOIN incident_types it ON i.incident_type_id = it.id
    LEFT JOIN barangays b       ON i.barangay_id = b.id
    LEFT JOIN report_status rs  ON i.status_id = rs.id
    LEFT JOIN teams t           ON i.assigned_team_id = t.team_id
    WHERE 1=1
    ORDER BY i.created_at DESC

[24-Feb-2026 22:45:45 Asia/Manila] FlashCru Query Error: SQLSTATE[42S02]: Base table or view not found: 1146 Table 'emergency_db.report_status' doesn't exist | SQL: SELECT COUNT(*) AS c FROM incidents i JOIN report_status rs ON i.status_id = rs.id WHERE rs.name = 'Pending'
[24-Feb-2026 22:45:45 Asia/Manila] FlashCru Query Error: SQLSTATE[42S02]: Base table or view not found: 1146 Table 'emergency_db.report_status' doesn't exist | SQL: SELECT COUNT(*) AS c FROM incidents i JOIN report_status rs ON i.status_id = rs.id WHERE rs.name IN ('Dispatched','Ongoing')
[24-Feb-2026 22:45:45 Asia/Manila] FlashCru Query Error: SQLSTATE[42S02]: Base table or view not found: 1146 Table 'emergency_db.report_status' doesn't exist | SQL: SELECT COUNT(*) AS c FROM incidents i JOIN report_status rs ON i.status_id = rs.id WHERE rs.name = 'Resolved'
[24-Feb-2026 22:45:45 Asia/Manila] FlashCru Query Error: SQLSTATE[42S02]: Base table or view not found: 1146 Table 'emergency_db.incident_types' doesn't exist | SQL: 
    SELECT i.*, it.name AS type_name, it.icon AS type_icon, it.color AS type_color,
           b.name AS barangay_name, rs.name AS status_name, rs.color AS status_color, t.team_name
    FROM incidents i
    LEFT JOIN incident_types it ON i.incident_type_id = it.id
    LEFT JOIN barangays b       ON i.barangay_id = b.id
    LEFT JOIN report_status rs  ON i.status_id = rs.id
    LEFT JOIN teams t           ON i.assigned_team_id = t.team_id
    ORDER BY i.created_at DESC
    LIMIT 8

[24-Feb-2026 22:45:45 Asia/Manila] FlashCru Query Error: SQLSTATE[42S02]: Base table or view not found: 1146 Table 'emergency_db.incident_types' doesn't exist | SQL: 
    SELECT it.name, it.icon, it.color, COUNT(i.id) AS cnt
    FROM incident_types it
    LEFT JOIN incidents i ON i.incident_type_id = it.id
    GROUP BY it.id
    ORDER BY cnt DESC
    LIMIT 5

[24-Feb-2026 22:45:45 Asia/Manila] FlashCru Query Error: SQLSTATE[42S02]: Base table or view not found: 1146 Table 'emergency_db.activity_logs' doesn't exist | SQL: 
    SELECT al.*, u.full_name
    FROM activity_logs al
    LEFT JOIN users u ON al.user_id = u.user_id
    ORDER BY al.created_at DESC
    LIMIT 6

[24-Feb-2026 22:45:47 Asia/Manila] FlashCru Query Error: SQLSTATE[42S02]: Base table or view not found: 1146 Table 'emergency_db.report_status' doesn't exist | SQL: SELECT * FROM report_status ORDER BY id ASC
[24-Feb-2026 22:45:47 Asia/Manila] FlashCru Query Error: SQLSTATE[42S02]: Base table or view not found: 1146 Table 'emergency_db.incident_types' doesn't exist | SQL: SELECT * FROM incident_types ORDER BY name ASC
[24-Feb-2026 22:45:47 Asia/Manila] FlashCru Query Error: SQLSTATE[42S02]: Base table or view not found: 1146 Table 'emergency_db.barangays' doesn't exist | SQL: SELECT * FROM barangays ORDER BY name ASC
[24-Feb-2026 22:45:47 Asia/Manila] FlashCru Query Error: SQLSTATE[42S02]: Base table or view not found: 1146 Table 'emergency_db.incident_types' doesn't exist | SQL: 
    SELECT i.*,
           it.name AS type_name, it.icon AS type_icon, it.color AS type_color,
           b.name  AS barangay_name,
           rs.name AS status_name, rs.color AS status_color, rs.id AS status_id_val,
           t.team_name
    FROM incidents i
    LEFT JOIN incident_types it ON i.incident_type_id = it.id
    LEFT JOIN barangays b       ON i.barangay_id = b.id
    LEFT JOIN report_status rs  ON i.status_id = rs.id
    LEFT JOIN teams t           ON i.assigned_team_id = t.team_id
    WHERE 1=1
    ORDER BY i.created_at DESC

[24-Feb-2026 22:45:48 Asia/Manila] FlashCru Query Error: SQLSTATE[42S02]: Base table or view not found: 1146 Table 'emergency_db.report_status' doesn't exist | SQL: 
    SELECT t.*,
           COUNT(DISTINCT tm.team_mem_id) AS member_count,
           SUM(CASE WHEN rs.name IN ('Dispatched','Ongoing') THEN 1 ELSE 0 END) AS active_incidents
    FROM teams t
    LEFT JOIN team_members tm  ON t.team_id = tm.team_id
    LEFT JOIN incidents i      ON t.team_id = i.assigned_team_id
    LEFT JOIN report_status rs ON i.status_id = rs.id
    GROUP BY t.team_id
    ORDER BY FIELD(t.status,'available','busy','offline'), t.team_name

[24-Feb-2026 22:45:50 Asia/Manila] FlashCru Query Error: SQLSTATE[42S02]: Base table or view not found: 1146 Table 'emergency_db.report_status' doesn't exist | SQL: SELECT COUNT(*) AS c FROM incidents i JOIN report_status rs ON i.status_id = rs.id WHERE rs.name = 'Pending'
[24-Feb-2026 22:45:50 Asia/Manila] FlashCru Query Error: SQLSTATE[42S02]: Base table or view not found: 1146 Table 'emergency_db.report_status' doesn't exist | SQL: SELECT COUNT(*) AS c FROM incidents i JOIN report_status rs ON i.status_id = rs.id WHERE rs.name IN ('Dispatched','Ongoing')
[24-Feb-2026 22:45:50 Asia/Manila] FlashCru Query Error: SQLSTATE[42S02]: Base table or view not found: 1146 Table 'emergency_db.report_status' doesn't exist | SQL: SELECT COUNT(*) AS c FROM incidents i JOIN report_status rs ON i.status_id = rs.id WHERE rs.name = 'Resolved'
[24-Feb-2026 22:45:50 Asia/Manila] FlashCru Query Error: SQLSTATE[42S02]: Base table or view not found: 1146 Table 'emergency_db.incident_types' doesn't exist | SQL: 
    SELECT i.*, it.name AS type_name, it.icon AS type_icon, it.color AS type_color,
           b.name AS barangay_name, rs.name AS status_name, rs.color AS status_color, t.team_name
    FROM incidents i
    LEFT JOIN incident_types it ON i.incident_type_id = it.id
    LEFT JOIN barangays b       ON i.barangay_id = b.id
    LEFT JOIN report_status rs  ON i.status_id = rs.id
    LEFT JOIN teams t           ON i.assigned_team_id = t.team_id
    ORDER BY i.created_at DESC
    LIMIT 8

[24-Feb-2026 22:45:50 Asia/Manila] FlashCru Query Error: SQLSTATE[42S02]: Base table or view not found: 1146 Table 'emergency_db.incident_types' doesn't exist | SQL: 
    SELECT it.name, it.icon, it.color, COUNT(i.id) AS cnt
    FROM incident_types it
    LEFT JOIN incidents i ON i.incident_type_id = it.id
    GROUP BY it.id
    ORDER BY cnt DESC
    LIMIT 5

[24-Feb-2026 22:45:50 Asia/Manila] FlashCru Query Error: SQLSTATE[42S02]: Base table or view not found: 1146 Table 'emergency_db.activity_logs' doesn't exist | SQL: 
    SELECT al.*, u.full_name
    FROM activity_logs al
    LEFT JOIN users u ON al.user_id = u.user_id
    ORDER BY al.created_at DESC
    LIMIT 6

[24-Feb-2026 22:45:51 Asia/Manila] FlashCru Query Error: SQLSTATE[42S02]: Base table or view not found: 1146 Table 'emergency_db.report_status' doesn't exist | SQL: SELECT * FROM report_status ORDER BY id ASC
[24-Feb-2026 22:45:51 Asia/Manila] FlashCru Query Error: SQLSTATE[42S02]: Base table or view not found: 1146 Table 'emergency_db.incident_types' doesn't exist | SQL: SELECT * FROM incident_types ORDER BY name ASC
[24-Feb-2026 22:45:51 Asia/Manila] FlashCru Query Error: SQLSTATE[42S02]: Base table or view not found: 1146 Table 'emergency_db.barangays' doesn't exist | SQL: SELECT * FROM barangays ORDER BY name ASC
[24-Feb-2026 22:45:52 Asia/Manila] FlashCru Query Error: SQLSTATE[42S02]: Base table or view not found: 1146 Table 'emergency_db.incident_types' doesn't exist | SQL: 
    SELECT i.*,
           it.name AS type_name, it.icon AS type_icon, it.color AS type_color,
           b.name  AS barangay_name,
           rs.name AS status_name, rs.color AS status_color, rs.id AS status_id_val,
           t.team_name
    FROM incidents i
    LEFT JOIN incident_types it ON i.incident_type_id = it.id
    LEFT JOIN barangays b       ON i.barangay_id = b.id
    LEFT JOIN report_status rs  ON i.status_id = rs.id
    LEFT JOIN teams t           ON i.assigned_team_id = t.team_id
    WHERE 1=1
    ORDER BY i.created_at DESC

[24-Feb-2026 22:45:56 Asia/Manila] FlashCru Query Error: SQLSTATE[42S02]: Base table or view not found: 1146 Table 'emergency_db.barangays' doesn't exist | SQL: SELECT id, name, district FROM barangays ORDER BY name ASC
[24-Feb-2026 22:45:56 Asia/Manila] FlashCru Query Error: SQLSTATE[42S02]: Base table or view not found: 1146 Table 'emergency_db.incident_types' doesn't exist | SQL: SELECT id, name, icon, color FROM incident_types ORDER BY name ASC
[24-Feb-2026 22:46:00 Asia/Manila] FlashCru Query Error: SQLSTATE[42S02]: Base table or view not found: 1146 Table 'emergency_db.report_status' doesn't exist | SQL: SELECT COUNT(*) AS c FROM incidents i JOIN report_status rs ON i.status_id = rs.id WHERE rs.name = 'Pending'
[24-Feb-2026 22:46:00 Asia/Manila] FlashCru Query Error: SQLSTATE[42S02]: Base table or view not found: 1146 Table 'emergency_db.report_status' doesn't exist | SQL: SELECT COUNT(*) AS c FROM incidents i JOIN report_status rs ON i.status_id = rs.id WHERE rs.name IN ('Dispatched','Ongoing')
[24-Feb-2026 22:46:00 Asia/Manila] FlashCru Query Error: SQLSTATE[42S02]: Base table or view not found: 1146 Table 'emergency_db.report_status' doesn't exist | SQL: SELECT COUNT(*) AS c FROM incidents i JOIN report_status rs ON i.status_id = rs.id WHERE rs.name = 'Resolved'
[24-Feb-2026 22:46:00 Asia/Manila] FlashCru Query Error: SQLSTATE[42S02]: Base table or view not found: 1146 Table 'emergency_db.incident_types' doesn't exist | SQL: 
    SELECT i.*, it.name AS type_name, it.icon AS type_icon, it.color AS type_color,
           b.name AS barangay_name, rs.name AS status_name, rs.color AS status_color, t.team_name
    FROM incidents i
    LEFT JOIN incident_types it ON i.incident_type_id = it.id
    LEFT JOIN barangays b       ON i.barangay_id = b.id
    LEFT JOIN report_status rs  ON i.status_id = rs.id
    LEFT JOIN teams t           ON i.assigned_team_id = t.team_id
    ORDER BY i.created_at DESC
    LIMIT 8

[24-Feb-2026 22:46:00 Asia/Manila] FlashCru Query Error: SQLSTATE[42S02]: Base table or view not found: 1146 Table 'emergency_db.incident_types' doesn't exist | SQL: 
    SELECT it.name, it.icon, it.color, COUNT(i.id) AS cnt
    FROM incident_types it
    LEFT JOIN incidents i ON i.incident_type_id = it.id
    GROUP BY it.id
    ORDER BY cnt DESC
    LIMIT 5

[24-Feb-2026 22:46:00 Asia/Manila] FlashCru Query Error: SQLSTATE[42S02]: Base table or view not found: 1146 Table 'emergency_db.activity_logs' doesn't exist | SQL: 
    SELECT al.*, u.full_name
    FROM activity_logs al
    LEFT JOIN users u ON al.user_id = u.user_id
    ORDER BY al.created_at DESC
    LIMIT 6

[24-Feb-2026 22:46:02 Asia/Manila] FlashCru Query Error: SQLSTATE[42S02]: Base table or view not found: 1146 Table 'emergency_db.report_status' doesn't exist | SQL: SELECT COUNT(*) AS c FROM incidents i JOIN report_status rs ON i.status_id = rs.id WHERE rs.name = 'Pending'
[24-Feb-2026 22:46:02 Asia/Manila] FlashCru Query Error: SQLSTATE[42S02]: Base table or view not found: 1146 Table 'emergency_db.report_status' doesn't exist | SQL: SELECT COUNT(*) AS c FROM incidents i JOIN report_status rs ON i.status_id = rs.id WHERE rs.name IN ('Dispatched','Ongoing')
[24-Feb-2026 22:46:02 Asia/Manila] FlashCru Query Error: SQLSTATE[42S02]: Base table or view not found: 1146 Table 'emergency_db.report_status' doesn't exist | SQL: SELECT COUNT(*) AS c FROM incidents i JOIN report_status rs ON i.status_id = rs.id WHERE rs.name = 'Resolved'
[24-Feb-2026 22:46:02 Asia/Manila] FlashCru Query Error: SQLSTATE[42S02]: Base table or view not found: 1146 Table 'emergency_db.incident_types' doesn't exist | SQL: 
    SELECT i.*, it.name AS type_name, it.icon AS type_icon, it.color AS type_color,
           b.name AS barangay_name, rs.name AS status_name, rs.color AS status_color, t.team_name
    FROM incidents i
    LEFT JOIN incident_types it ON i.incident_type_id = it.id
    LEFT JOIN barangays b       ON i.barangay_id = b.id
    LEFT JOIN report_status rs  ON i.status_id = rs.id
    LEFT JOIN teams t           ON i.assigned_team_id = t.team_id
    ORDER BY i.created_at DESC
    LIMIT 8

[24-Feb-2026 22:46:02 Asia/Manila] FlashCru Query Error: SQLSTATE[42S02]: Base table or view not found: 1146 Table 'emergency_db.incident_types' doesn't exist | SQL: 
    SELECT it.name, it.icon, it.color, COUNT(i.id) AS cnt
    FROM incident_types it
    LEFT JOIN incidents i ON i.incident_type_id = it.id
    GROUP BY it.id
    ORDER BY cnt DESC
    LIMIT 5

[24-Feb-2026 22:46:02 Asia/Manila] FlashCru Query Error: SQLSTATE[42S02]: Base table or view not found: 1146 Table 'emergency_db.activity_logs' doesn't exist | SQL: 
    SELECT al.*, u.full_name
    FROM activity_logs al
    LEFT JOIN users u ON al.user_id = u.user_id
    ORDER BY al.created_at DESC
    LIMIT 6

[24-Feb-2026 22:48:05 Asia/Manila] FlashCru Query Error: SQLSTATE[42S02]: Base table or view not found: 1146 Table 'emergency_db.report_status' doesn't exist | SQL: SELECT COUNT(*) AS c FROM incidents i JOIN report_status rs ON i.status_id = rs.id WHERE rs.name = 'Pending'
[24-Feb-2026 22:48:05 Asia/Manila] FlashCru Query Error: SQLSTATE[42S02]: Base table or view not found: 1146 Table 'emergency_db.report_status' doesn't exist | SQL: SELECT COUNT(*) AS c FROM incidents i JOIN report_status rs ON i.status_id = rs.id WHERE rs.name IN ('Dispatched','Ongoing')
[24-Feb-2026 22:48:05 Asia/Manila] FlashCru Query Error: SQLSTATE[42S02]: Base table or view not found: 1146 Table 'emergency_db.report_status' doesn't exist | SQL: SELECT COUNT(*) AS c FROM incidents i JOIN report_status rs ON i.status_id = rs.id WHERE rs.name = 'Resolved'
[24-Feb-2026 22:48:05 Asia/Manila] FlashCru Query Error: SQLSTATE[42S02]: Base table or view not found: 1146 Table 'emergency_db.incident_types' doesn't exist | SQL: 
    SELECT i.*, it.name AS type_name, it.icon AS type_icon, it.color AS type_color,
           b.name AS barangay_name, rs.name AS status_name, rs.color AS status_color, t.team_name
    FROM incidents i
    LEFT JOIN incident_types it ON i.incident_type_id = it.id
    LEFT JOIN barangays b       ON i.barangay_id = b.id
    LEFT JOIN report_status rs  ON i.status_id = rs.id
    LEFT JOIN teams t           ON i.assigned_team_id = t.team_id
    ORDER BY i.created_at DESC
    LIMIT 8

[24-Feb-2026 22:48:05 Asia/Manila] FlashCru Query Error: SQLSTATE[42S02]: Base table or view not found: 1146 Table 'emergency_db.incident_types' doesn't exist | SQL: 
    SELECT it.name, it.icon, it.color, COUNT(i.id) AS cnt
    FROM incident_types it
    LEFT JOIN incidents i ON i.incident_type_id = it.id
    GROUP BY it.id
    ORDER BY cnt DESC
    LIMIT 5

[24-Feb-2026 22:48:05 Asia/Manila] FlashCru Query Error: SQLSTATE[42S02]: Base table or view not found: 1146 Table 'emergency_db.activity_logs' doesn't exist | SQL: 
    SELECT al.*, u.full_name
    FROM activity_logs al
    LEFT JOIN users u ON al.user_id = u.user_id
    ORDER BY al.created_at DESC
    LIMIT 6

[24-Feb-2026 22:48:09 Asia/Manila] FlashCru Query Error: SQLSTATE[42S02]: Base table or view not found: 1146 Table 'emergency_db.report_status' doesn't exist | SQL: SELECT COUNT(*) AS c FROM incidents i JOIN report_status rs ON i.status_id = rs.id WHERE rs.name = 'Pending'
[24-Feb-2026 22:48:09 Asia/Manila] FlashCru Query Error: SQLSTATE[42S02]: Base table or view not found: 1146 Table 'emergency_db.report_status' doesn't exist | SQL: SELECT COUNT(*) AS c FROM incidents i JOIN report_status rs ON i.status_id = rs.id WHERE rs.name IN ('Dispatched','Ongoing')
[24-Feb-2026 22:48:09 Asia/Manila] FlashCru Query Error: SQLSTATE[42S02]: Base table or view not found: 1146 Table 'emergency_db.report_status' doesn't exist | SQL: SELECT COUNT(*) AS c FROM incidents i JOIN report_status rs ON i.status_id = rs.id WHERE rs.name = 'Resolved'
[24-Feb-2026 22:48:09 Asia/Manila] FlashCru Query Error: SQLSTATE[42S02]: Base table or view not found: 1146 Table 'emergency_db.incident_types' doesn't exist | SQL: 
    SELECT i.*, it.name AS type_name, it.icon AS type_icon, it.color AS type_color,
           b.name AS barangay_name, rs.name AS status_name, rs.color AS status_color, t.team_name
    FROM incidents i
    LEFT JOIN incident_types it ON i.incident_type_id = it.id
    LEFT JOIN barangays b       ON i.barangay_id = b.id
    LEFT JOIN report_status rs  ON i.status_id = rs.id
    LEFT JOIN teams t           ON i.assigned_team_id = t.team_id
    ORDER BY i.created_at DESC
    LIMIT 8

[24-Feb-2026 22:48:09 Asia/Manila] FlashCru Query Error: SQLSTATE[42S02]: Base table or view not found: 1146 Table 'emergency_db.incident_types' doesn't exist | SQL: 
    SELECT it.name, it.icon, it.color, COUNT(i.id) AS cnt
    FROM incident_types it
    LEFT JOIN incidents i ON i.incident_type_id = it.id
    GROUP BY it.id
    ORDER BY cnt DESC
    LIMIT 5

[24-Feb-2026 22:48:09 Asia/Manila] FlashCru Query Error: SQLSTATE[42S02]: Base table or view not found: 1146 Table 'emergency_db.activity_logs' doesn't exist | SQL: 
    SELECT al.*, u.full_name
    FROM activity_logs al
    LEFT JOIN users u ON al.user_id = u.user_id
    ORDER BY al.created_at DESC
    LIMIT 6

[24-Feb-2026 22:48:12 Asia/Manila] FlashCru Query Error: SQLSTATE[42S02]: Base table or view not found: 1146 Table 'emergency_db.barangays' doesn't exist | SQL: SELECT id, name, district FROM barangays ORDER BY name ASC
[24-Feb-2026 22:48:12 Asia/Manila] FlashCru Query Error: SQLSTATE[42S02]: Base table or view not found: 1146 Table 'emergency_db.incident_types' doesn't exist | SQL: SELECT id, name, icon, color FROM incident_types ORDER BY name ASC
[24-Feb-2026 22:48:12 Asia/Manila] FlashCru Query Error: SQLSTATE[42S02]: Base table or view not found: 1146 Table 'emergency_db.report_status' doesn't exist | SQL: SELECT COUNT(*) AS c FROM incidents i JOIN report_status rs ON i.status_id = rs.id WHERE rs.name = 'Pending'
[24-Feb-2026 22:48:12 Asia/Manila] FlashCru Query Error: SQLSTATE[42S02]: Base table or view not found: 1146 Table 'emergency_db.report_status' doesn't exist | SQL: SELECT COUNT(*) AS c FROM incidents i JOIN report_status rs ON i.status_id = rs.id WHERE rs.name IN ('Dispatched','Ongoing')
[24-Feb-2026 22:48:12 Asia/Manila] FlashCru Query Error: SQLSTATE[42S02]: Base table or view not found: 1146 Table 'emergency_db.report_status' doesn't exist | SQL: SELECT COUNT(*) AS c FROM incidents i JOIN report_status rs ON i.status_id = rs.id WHERE rs.name = 'Resolved'
[24-Feb-2026 22:48:12 Asia/Manila] FlashCru Query Error: SQLSTATE[42S02]: Base table or view not found: 1146 Table 'emergency_db.incident_types' doesn't exist | SQL: 
    SELECT i.*, it.name AS type_name, it.icon AS type_icon, it.color AS type_color,
           b.name AS barangay_name, rs.name AS status_name, rs.color AS status_color, t.team_name
    FROM incidents i
    LEFT JOIN incident_types it ON i.incident_type_id = it.id
    LEFT JOIN barangays b       ON i.barangay_id = b.id
    LEFT JOIN report_status rs  ON i.status_id = rs.id
    LEFT JOIN teams t           ON i.assigned_team_id = t.team_id
    ORDER BY i.created_at DESC
    LIMIT 8

[24-Feb-2026 22:48:12 Asia/Manila] FlashCru Query Error: SQLSTATE[42S02]: Base table or view not found: 1146 Table 'emergency_db.incident_types' doesn't exist | SQL: 
    SELECT it.name, it.icon, it.color, COUNT(i.id) AS cnt
    FROM incident_types it
    LEFT JOIN incidents i ON i.incident_type_id = it.id
    GROUP BY it.id
    ORDER BY cnt DESC
    LIMIT 5

[24-Feb-2026 22:48:12 Asia/Manila] FlashCru Query Error: SQLSTATE[42S02]: Base table or view not found: 1146 Table 'emergency_db.activity_logs' doesn't exist | SQL: 
    SELECT al.*, u.full_name
    FROM activity_logs al
    LEFT JOIN users u ON al.user_id = u.user_id
    ORDER BY al.created_at DESC
    LIMIT 6

[24-Feb-2026 22:48:15 Asia/Manila] FlashCru Query Error: SQLSTATE[42S02]: Base table or view not found: 1146 Table 'emergency_db.report_status' doesn't exist | SQL: SELECT * FROM report_status ORDER BY id ASC
[24-Feb-2026 22:48:15 Asia/Manila] FlashCru Query Error: SQLSTATE[42S02]: Base table or view not found: 1146 Table 'emergency_db.incident_types' doesn't exist | SQL: SELECT * FROM incident_types ORDER BY name ASC
[24-Feb-2026 22:48:15 Asia/Manila] FlashCru Query Error: SQLSTATE[42S02]: Base table or view not found: 1146 Table 'emergency_db.barangays' doesn't exist | SQL: SELECT * FROM barangays ORDER BY name ASC
[24-Feb-2026 22:48:15 Asia/Manila] FlashCru Query Error: SQLSTATE[42S02]: Base table or view not found: 1146 Table 'emergency_db.incident_types' doesn't exist | SQL: 
    SELECT i.*,
           it.name AS type_name, it.icon AS type_icon, it.color AS type_color,
           b.name  AS barangay_name,
           rs.name AS status_name, rs.color AS status_color, rs.id AS status_id_val,
           t.team_name
    FROM incidents i
    LEFT JOIN incident_types it ON i.incident_type_id = it.id
    LEFT JOIN barangays b       ON i.barangay_id = b.id
    LEFT JOIN report_status rs  ON i.status_id = rs.id
    LEFT JOIN teams t           ON i.assigned_team_id = t.team_id
    WHERE 1=1
    ORDER BY i.created_at DESC

[24-Feb-2026 22:48:17 Asia/Manila] FlashCru Query Error: SQLSTATE[42S02]: Base table or view not found: 1146 Table 'emergency_db.report_status' doesn't exist | SQL: 
    SELECT t.*,
           COUNT(DISTINCT tm.team_mem_id) AS member_count,
           SUM(CASE WHEN rs.name IN ('Dispatched','Ongoing') THEN 1 ELSE 0 END) AS active_incidents
    FROM teams t
    LEFT JOIN team_members tm  ON t.team_id = tm.team_id
    LEFT JOIN incidents i      ON t.team_id = i.assigned_team_id
    LEFT JOIN report_status rs ON i.status_id = rs.id
    GROUP BY t.team_id
    ORDER BY FIELD(t.status,'available','busy','offline'), t.team_name

[24-Feb-2026 22:48:18 Asia/Manila] FlashCru Query Error: SQLSTATE[42S02]: Base table or view not found: 1146 Table 'emergency_db.barangays' doesn't exist | SQL: SELECT id, name, district FROM barangays ORDER BY name ASC
[24-Feb-2026 22:48:18 Asia/Manila] FlashCru Query Error: SQLSTATE[42S02]: Base table or view not found: 1146 Table 'emergency_db.incident_types' doesn't exist | SQL: SELECT id, name, icon, color FROM incident_types ORDER BY name ASC
[24-Feb-2026 22:48:19 Asia/Manila] FlashCru Query Error: SQLSTATE[42S02]: Base table or view not found: 1146 Table 'emergency_db.incident_types' doesn't exist | SQL: 
    SELECT i.*,
           it.name AS type_name, it.icon AS type_icon, it.color AS type_color,
           b.name  AS barangay_name,
           rs.name AS status_name, rs.color AS status_color,
           t.team_name
    FROM incidents i
    LEFT JOIN incident_types it ON i.incident_type_id = it.id
    LEFT JOIN barangays b       ON i.barangay_id = b.id
    LEFT JOIN report_status rs  ON i.status_id = rs.id
    LEFT JOIN teams t           ON i.assigned_team_id = t.team_id
    WHERE i.user_id = ?
    ORDER BY i.created_at DESC

[24-Feb-2026 22:49:07 Asia/Manila] FlashCru Query Error: SQLSTATE[42S02]: Base table or view not found: 1146 Table 'emergency_db.report_status' doesn't exist | SQL: SELECT COUNT(*) AS c FROM incidents i JOIN report_status rs ON i.status_id = rs.id WHERE rs.name = 'Pending'
[24-Feb-2026 22:49:07 Asia/Manila] FlashCru Query Error: SQLSTATE[42S02]: Base table or view not found: 1146 Table 'emergency_db.report_status' doesn't exist | SQL: SELECT COUNT(*) AS c FROM incidents i JOIN report_status rs ON i.status_id = rs.id WHERE rs.name IN ('Dispatched','Ongoing')
[24-Feb-2026 22:49:07 Asia/Manila] FlashCru Query Error: SQLSTATE[42S02]: Base table or view not found: 1146 Table 'emergency_db.report_status' doesn't exist | SQL: SELECT COUNT(*) AS c FROM incidents i JOIN report_status rs ON i.status_id = rs.id WHERE rs.name = 'Resolved'
[24-Feb-2026 22:49:07 Asia/Manila] FlashCru Query Error: SQLSTATE[42S02]: Base table or view not found: 1146 Table 'emergency_db.incident_types' doesn't exist | SQL: 
    SELECT i.*, it.name AS type_name, it.icon AS type_icon, it.color AS type_color,
           b.name AS barangay_name, rs.name AS status_name, rs.color AS status_color, t.team_name
    FROM incidents i
    LEFT JOIN incident_types it ON i.incident_type_id = it.id
    LEFT JOIN barangays b       ON i.barangay_id = b.id
    LEFT JOIN report_status rs  ON i.status_id = rs.id
    LEFT JOIN teams t           ON i.assigned_team_id = t.team_id
    ORDER BY i.created_at DESC
    LIMIT 8

[24-Feb-2026 22:49:07 Asia/Manila] FlashCru Query Error: SQLSTATE[42S02]: Base table or view not found: 1146 Table 'emergency_db.incident_types' doesn't exist | SQL: 
    SELECT it.name, it.icon, it.color, COUNT(i.id) AS cnt
    FROM incident_types it
    LEFT JOIN incidents i ON i.incident_type_id = it.id
    GROUP BY it.id
    ORDER BY cnt DESC
    LIMIT 5

[24-Feb-2026 22:49:07 Asia/Manila] FlashCru Query Error: SQLSTATE[42S02]: Base table or view not found: 1146 Table 'emergency_db.activity_logs' doesn't exist | SQL: 
    SELECT al.*, u.full_name
    FROM activity_logs al
    LEFT JOIN users u ON al.user_id = u.user_id
    ORDER BY al.created_at DESC
    LIMIT 6

[24-Feb-2026 22:49:08 Asia/Manila] FlashCru Query Error: SQLSTATE[42S02]: Base table or view not found: 1146 Table 'emergency_db.report_status' doesn't exist | SQL: 
    SELECT t.*,
           COUNT(DISTINCT tm.team_mem_id) AS member_count,
           SUM(CASE WHEN rs.name IN ('Dispatched','Ongoing') THEN 1 ELSE 0 END) AS active_incidents
    FROM teams t
    LEFT JOIN team_members tm  ON t.team_id = tm.team_id
    LEFT JOIN incidents i      ON t.team_id = i.assigned_team_id
    LEFT JOIN report_status rs ON i.status_id = rs.id
    GROUP BY t.team_id
    ORDER BY FIELD(t.status,'available','busy','offline'), t.team_name

[24-Feb-2026 22:49:08 Asia/Manila] FlashCru Query Error: SQLSTATE[42S02]: Base table or view not found: 1146 Table 'emergency_db.report_status' doesn't exist | SQL: SELECT * FROM report_status ORDER BY id ASC
[24-Feb-2026 22:49:08 Asia/Manila] FlashCru Query Error: SQLSTATE[42S02]: Base table or view not found: 1146 Table 'emergency_db.incident_types' doesn't exist | SQL: SELECT * FROM incident_types ORDER BY name ASC
[24-Feb-2026 22:49:08 Asia/Manila] FlashCru Query Error: SQLSTATE[42S02]: Base table or view not found: 1146 Table 'emergency_db.barangays' doesn't exist | SQL: SELECT * FROM barangays ORDER BY name ASC
[24-Feb-2026 22:49:08 Asia/Manila] FlashCru Query Error: SQLSTATE[42S02]: Base table or view not found: 1146 Table 'emergency_db.incident_types' doesn't exist | SQL: 
    SELECT i.*,
           it.name AS type_name, it.icon AS type_icon, it.color AS type_color,
           b.name  AS barangay_name,
           rs.name AS status_name, rs.color AS status_color, rs.id AS status_id_val,
           t.team_name
    FROM incidents i
    LEFT JOIN incident_types it ON i.incident_type_id = it.id
    LEFT JOIN barangays b       ON i.barangay_id = b.id
    LEFT JOIN report_status rs  ON i.status_id = rs.id
    LEFT JOIN teams t           ON i.assigned_team_id = t.team_id
    WHERE 1=1
    ORDER BY i.created_at DESC

[24-Feb-2026 22:50:45 Asia/Manila] FlashCru Query Error: SQLSTATE[42S02]: Base table or view not found: 1146 Table 'emergency_db.report_status' doesn't exist | SQL: SELECT COUNT(*) AS c FROM incidents i JOIN report_status rs ON i.status_id = rs.id WHERE rs.name = 'Pending'
[24-Feb-2026 22:50:45 Asia/Manila] FlashCru Query Error: SQLSTATE[42S02]: Base table or view not found: 1146 Table 'emergency_db.report_status' doesn't exist | SQL: SELECT COUNT(*) AS c FROM incidents i JOIN report_status rs ON i.status_id = rs.id WHERE rs.name IN ('Dispatched','Ongoing')
[24-Feb-2026 22:50:45 Asia/Manila] FlashCru Query Error: SQLSTATE[42S02]: Base table or view not found: 1146 Table 'emergency_db.report_status' doesn't exist | SQL: SELECT COUNT(*) AS c FROM incidents i JOIN report_status rs ON i.status_id = rs.id WHERE rs.name = 'Resolved'
[24-Feb-2026 22:50:45 Asia/Manila] FlashCru Query Error: SQLSTATE[42S02]: Base table or view not found: 1146 Table 'emergency_db.incident_types' doesn't exist | SQL: 
    SELECT i.*, it.name AS type_name, it.icon AS type_icon, it.color AS type_color,
           b.name AS barangay_name, rs.name AS status_name, rs.color AS status_color, t.team_name
    FROM incidents i
    LEFT JOIN incident_types it ON i.incident_type_id = it.id
    LEFT JOIN barangays b       ON i.barangay_id = b.id
    LEFT JOIN report_status rs  ON i.status_id = rs.id
    LEFT JOIN teams t           ON i.assigned_team_id = t.team_id
    ORDER BY i.created_at DESC
    LIMIT 8

[24-Feb-2026 22:50:45 Asia/Manila] FlashCru Query Error: SQLSTATE[42S02]: Base table or view not found: 1146 Table 'emergency_db.incident_types' doesn't exist | SQL: 
    SELECT it.name, it.icon, it.color, COUNT(i.id) AS cnt
    FROM incident_types it
    LEFT JOIN incidents i ON i.incident_type_id = it.id
    GROUP BY it.id
    ORDER BY cnt DESC
    LIMIT 5

[24-Feb-2026 22:50:45 Asia/Manila] FlashCru Query Error: SQLSTATE[42S02]: Base table or view not found: 1146 Table 'emergency_db.activity_logs' doesn't exist | SQL: 
    SELECT al.*, u.full_name
    FROM activity_logs al
    LEFT JOIN users u ON al.user_id = u.user_id
    ORDER BY al.created_at DESC
    LIMIT 6

